[debug] [2021-11-17T20:40:10.538Z] ----------------------------------------------------------------------
[debug] [2021-11-17T20:40:10.548Z] Command:       C:\Program Files\nodejs\node.exe C:\Users\kenyi\AppData\Roaming\npm\node_modules\firebase-tools\lib\bin\firebase.js init
[debug] [2021-11-17T20:40:10.550Z] CLI Version:   9.22.0
[debug] [2021-11-17T20:40:10.550Z] Platform:      win32
[debug] [2021-11-17T20:40:10.551Z] Node Version:  v16.2.0
[debug] [2021-11-17T20:40:10.555Z] Time:          Wed Nov 17 2021 15:40:10 GMT-0500 (hora estándar de Colombia)
[debug] [2021-11-17T20:40:10.555Z] ----------------------------------------------------------------------
[debug] 
[debug] [2021-11-17T20:40:10.947Z] > command requires scopes: ["email","openid","https://www.googleapis.com/auth/cloudplatformprojects.readonly","https://www.googleapis.com/auth/firebase","https://www.googleapis.com/auth/cloud-platform"]
[debug] [2021-11-17T20:40:10.949Z] > authorizing via signed-in user (xp.harry.xp@gmail.com)
[info] 
     ######## #### ########  ######## ########     ###     ######  ########
     ##        ##  ##     ## ##       ##     ##  ##   ##  ##       ##
     ######    ##  ########  ######   ########  #########  ######  ######
     ##        ##  ##    ##  ##       ##     ## ##     ##       ## ##
     ##       #### ##     ## ######## ########  ##     ##  ######  ########

You're about to initialize a Firebase project in this directory:

  C:\Users\kenyi\Desktop\tic-tac-toe-master

Before we get started, keep in mind:

  * You are initializing within an existing Firebase project directory

[info] 
=== Project Setup
[info] 
[info] First, let's associate this project directory with a Firebase project.
[info] You can create multiple project aliases by running firebase use --add, 
[info] but for now we'll just set up a default project.
[info] 
[info] i  .firebaserc already has a default project, using tic-tac-toe-8297a. 
[debug] [2021-11-17T20:40:33.187Z] >>> [apiv2][query] GET https://firebase.googleapis.com/v1beta1/projects/tic-tac-toe-8297a [none]
[debug] [2021-11-17T20:40:33.994Z] <<< [apiv2][status] GET https://firebase.googleapis.com/v1beta1/projects/tic-tac-toe-8297a 403
[debug] [2021-11-17T20:40:33.995Z] <<< [apiv2][body] GET https://firebase.googleapis.com/v1beta1/projects/tic-tac-toe-8297a {"error":{"code":403,"message":"The caller does not have permission","status":"PERMISSION_DENIED"}}
[debug] [2021-11-17T20:40:33.997Z] HTTP Error: 403, The caller does not have permission
[debug] [2021-11-17T20:40:34.192Z] FirebaseError: HTTP Error: 403, The caller does not have permission
    at module.exports (C:\Users\kenyi\AppData\Roaming\npm\node_modules\firebase-tools\lib\responseToError.js:38:12)
    at Client.doRequest (C:\Users\kenyi\AppData\Roaming\npm\node_modules\firebase-tools\lib\apiv2.js:241:23)
    at processTicksAndRejections (node:internal/process/task_queues:96:5)
    at async Client.request (C:\Users\kenyi\AppData\Roaming\npm\node_modules\firebase-tools\lib\apiv2.js:96:20)
    at async Object.getFirebaseProject (C:\Users\kenyi\AppData\Roaming\npm\node_modules\firebase-tools\lib\management\projects.js:290:21)
    at async Object.doSetup [as project] (C:\Users\kenyi\AppData\Roaming\npm\node_modules\firebase-tools\lib\init\features\project.js:77:27)
    at async init (C:\Users\kenyi\AppData\Roaming\npm\node_modules\firebase-tools\lib\init\index.js:19:9)
[error] 
[error] Error: Failed to get Firebase project tic-tac-toe-8297a. Please make sure the project exists and your account has permission to access it.
[debug] [2021-11-17T20:43:07.530Z] ----------------------------------------------------------------------
[debug] [2021-11-17T20:43:07.542Z] Command:       C:\Program Files\nodejs\node.exe C:\Users\kenyi\AppData\Roaming\npm\node_modules\firebase-tools\lib\bin\firebase.js init
[debug] [2021-11-17T20:43:07.544Z] CLI Version:   9.22.0
[debug] [2021-11-17T20:43:07.545Z] Platform:      win32
[debug] [2021-11-17T20:43:07.545Z] Node Version:  v16.2.0
[debug] [2021-11-17T20:43:07.550Z] Time:          Wed Nov 17 2021 15:43:07 GMT-0500 (hora estándar de Colombia)
[debug] [2021-11-17T20:43:07.551Z] ----------------------------------------------------------------------
[debug] 
[debug] [2021-11-17T20:43:07.903Z] > command requires scopes: ["email","openid","https://www.googleapis.com/auth/cloudplatformprojects.readonly","https://www.googleapis.com/auth/firebase","https://www.googleapis.com/auth/cloud-platform"]
[debug] [2021-11-17T20:43:07.907Z] > authorizing via signed-in user (xp.harry.xp@gmail.com)
[info] 
     ######## #### ########  ######## ########     ###     ######  ########
     ##        ##  ##     ## ##       ##     ##  ##   ##  ##       ##
     ######    ##  ########  ######   ########  #########  ######  ######
     ##        ##  ##    ##  ##       ##     ## ##     ##       ## ##
     ##       #### ##     ## ######## ########  ##     ##  ######  ########

You're about to initialize a Firebase project in this directory:

  C:\Users\kenyi\Desktop\tic-tac-toe-master

Before we get started, keep in mind:

  * You are initializing within an existing Firebase project directory

[info] 
=== Project Setup
[info] 
[info] First, let's associate this project directory with a Firebase project.
[info] You can create multiple project aliases by running firebase use --add, 
[info] but for now we'll just set up a default project.
[info] 
[debug] [2021-11-17T20:43:23.674Z] >>> [apiv2][query] GET https://firebase.googleapis.com/v1beta1/projects/tictactoe [none]
[debug] [2021-11-17T20:43:24.162Z] <<< [apiv2][status] GET https://firebase.googleapis.com/v1beta1/projects/tictactoe 403
[debug] [2021-11-17T20:43:24.163Z] <<< [apiv2][body] GET https://firebase.googleapis.com/v1beta1/projects/tictactoe {"error":{"code":403,"message":"The caller does not have permission","status":"PERMISSION_DENIED"}}
[debug] [2021-11-17T20:43:24.165Z] HTTP Error: 403, The caller does not have permission
[debug] [2021-11-17T20:43:24.399Z] FirebaseError: HTTP Error: 403, The caller does not have permission
    at module.exports (C:\Users\kenyi\AppData\Roaming\npm\node_modules\firebase-tools\lib\responseToError.js:38:12)
    at Client.doRequest (C:\Users\kenyi\AppData\Roaming\npm\node_modules\firebase-tools\lib\apiv2.js:241:23)
    at processTicksAndRejections (node:internal/process/task_queues:96:5)
    at async Client.request (C:\Users\kenyi\AppData\Roaming\npm\node_modules\firebase-tools\lib\apiv2.js:96:20)
    at async Object.getFirebaseProject (C:\Users\kenyi\AppData\Roaming\npm\node_modules\firebase-tools\lib\management\projects.js:290:21)
    at async Object.doSetup [as project] (C:\Users\kenyi\AppData\Roaming\npm\node_modules\firebase-tools\lib\init\features\project.js:84:27)
    at async init (C:\Users\kenyi\AppData\Roaming\npm\node_modules\firebase-tools\lib\init\index.js:19:9)
[error] 
[error] Error: Failed to get Firebase project tictactoe. Please make sure the project exists and your account has permission to access it.
